<?xml version="1.0" encoding="UTF-8"?>
<!-- Generated by org.testng.reporters.JUnitXMLReporter -->
<testsuite ignored="0" hostname="DESKTOP-LMN0PRA" failures="1" tests="10" name="Smoke Testing Suite" time="130.21" errors="0" timestamp="2024-06-14T08:49:35 IST">
  <testcase classname="testNGFramework.Facebook" name="ts1" time="0.14"/>
  <testcase classname="testNGFramework.Facebook" name="ts2" time="0.077"/>
  <testcase classname="testNGFramework.Facebook" name="ts3" time="5.158"/>
  <testcase classname="testNGFramework.InternetSpeed" name="Speed" time="0.78"/>
  <testcase classname="testNGFramework.DataProviderClass2" name="loginCredValidation" time="13.749"/>
  <testcase classname="testNGFramework.DataProviderClass2" name="loginCredValidation" time="9.953"/>
  <testcase classname="testNGFramework.DataProviderClass2" name="loginCredValidation" time="8.3"/>
  <testcase classname="testNGFramework.AssertSoft2" name="ts1" time="0.141"/>
  <testcase classname="testNGFramework.AssertSoft2" name="ts2" time="0.091">
    <failure type="java.lang.AssertionError" message="The following asserts failed:
	expected [Email address] but found [Email address or phone number]">
      <![CDATA[java.lang.AssertionError: The following asserts failed:
expected [Email address] but found [Email address or phone number]
at testNGFramework.AssertSoft2.ts2(AssertSoft2.java:56)
at java.base/java.util.ArrayList.forEach(ArrayList.java:1511)
... Removed 29 stack frames]]>
    </failure>
  </testcase> <!-- ts2 -->
  <testcase classname="testNGFramework.AssertSoft2" name="ts3" time="1.893"/>
</testsuite> <!-- Smoke Testing Suite -->
