<html>
<head>
<title>TestNG:  Smoke Testing Suite</title>
<link href="../testng.css" rel="stylesheet" type="text/css" />
<link href="../my-testng.css" rel="stylesheet" type="text/css" />

<style type="text/css">
.log { display: none;} 
.stack-trace { display: none;} 
</style>
<script type="text/javascript">
<!--
function flip(e) {
  current = e.style.display;
  if (current == 'block') {
    e.style.display = 'none';
    return 0;
  }
  else {
    e.style.display = 'block';
    return 1;
  }
}

function toggleBox(szDivId, elem, msg1, msg2)
{
  var res = -1;  if (document.getElementById) {
    res = flip(document.getElementById(szDivId));
  }
  else if (document.all) {
    // this is the way old msie versions work
    res = flip(document.all[szDivId]);
  }
  if(elem) {
    if(res == 0) elem.innerHTML = msg1; else elem.innerHTML = msg2;
  }

}

function toggleAllBoxes() {
  if (document.getElementsByTagName) {
    d = document.getElementsByTagName('div');
    for (i = 0; i < d.length; i++) {
      if (d[i].className == 'log') {
        flip(d[i]);
      }
    }
  }
}

// -->
</script>

</head>
<body>
<h2 align='center'>Smoke Testing Suite</h2><table border='1' align="center">
<tr>
<td>Tests passed/Failed/Skipped:</td><td>9/1/0</td>
</tr><tr>
<td>Started on:</td><td>Fri Jun 14 08:47:25 IST 2024</td>
</tr>
<tr><td>Total time:</td><td>130 seconds (130210 ms)</td>
</tr><tr>
<td>Included groups:</td><td></td>
</tr><tr>
<td>Excluded groups:</td><td></td>
</tr>
</table><p/>
<small><i>(Hover the method name to see the test class name)</i></small><p/>
<table width='100%' border='1' class='invocation-failed'>
<tr><td colspan='4' align='center'><b>FAILED TESTS</b></td></tr>
<tr><td><b>Test method</b></td>
<td width="30%"><b>Exception</b></td>
<td width="10%"><b>Time (seconds)</b></td>
<td><b>Instance</b></td>
</tr>
<tr>
<td title='testNGFramework.AssertSoft2.ts2()'><b>ts2</b><br>Test class: testNGFramework.AssertSoft2</td>
<td><div><pre>java.lang.AssertionError: The following asserts failed:
	expected [Email address] but found [Email address or phone number]
	at testNGFramework.AssertSoft2.ts2(AssertSoft2.java:56)
	at java.base/java.util.ArrayList.forEach(ArrayList.java:1511)
... Removed 29 stack frames</pre></div><a href='#' onClick='toggleBox("stack-trace596299019", this, "Click to show all stack frames", "Click to hide stack frames")'>Click to show all stack frames</a>
<div class='stack-trace' id='stack-trace596299019'><pre>java.lang.AssertionError: The following asserts failed:
	expected [Email address] but found [Email address or phone number]
	at org.testng.asserts.SoftAssert.assertAll(SoftAssert.java:47)
	at org.testng.asserts.SoftAssert.assertAll(SoftAssert.java:31)
	at testNGFramework.AssertSoft2.ts2(AssertSoft2.java:56)
	at java.base/jdk.internal.reflect.NativeMethodAccessorImpl.invoke0(Native Method)
	at java.base/jdk.internal.reflect.NativeMethodAccessorImpl.invoke(NativeMethodAccessorImpl.java:77)
	at java.base/jdk.internal.reflect.DelegatingMethodAccessorImpl.invoke(DelegatingMethodAccessorImpl.java:43)
	at java.base/java.lang.reflect.Method.invoke(Method.java:568)
	at org.testng.internal.MethodInvocationHelper.invokeMethod(MethodInvocationHelper.java:133)
	at org.testng.internal.TestInvoker.invokeMethod(TestInvoker.java:598)
	at org.testng.internal.TestInvoker.invokeTestMethod(TestInvoker.java:173)
	at org.testng.internal.MethodRunner.runInSequence(MethodRunner.java:46)
	at org.testng.internal.TestInvoker$MethodInvocationAgent.invoke(TestInvoker.java:824)
	at org.testng.internal.TestInvoker.invokeTestMethods(TestInvoker.java:146)
	at org.testng.internal.TestMethodWorker.invokeTestMethods(TestMethodWorker.java:146)
	at org.testng.internal.TestMethodWorker.run(TestMethodWorker.java:128)
	at java.base/java.util.ArrayList.forEach(ArrayList.java:1511)
	at org.testng.TestRunner.privateRun(TestRunner.java:794)
	at org.testng.TestRunner.run(TestRunner.java:596)
	at org.testng.SuiteRunner.runTest(SuiteRunner.java:377)
	at org.testng.SuiteRunner.runSequentially(SuiteRunner.java:371)
	at org.testng.SuiteRunner.privateRun(SuiteRunner.java:332)
	at org.testng.SuiteRunner.run(SuiteRunner.java:276)
	at org.testng.SuiteRunnerWorker.runSuite(SuiteRunnerWorker.java:53)
	at org.testng.SuiteRunnerWorker.run(SuiteRunnerWorker.java:96)
	at org.testng.TestNG.runSuitesSequentially(TestNG.java:1212)
	at org.testng.TestNG.runSuitesLocally(TestNG.java:1134)
	at org.testng.TestNG.runSuites(TestNG.java:1063)
	at org.testng.TestNG.run(TestNG.java:1031)
	at org.testng.remote.AbstractRemoteTestNG.run(AbstractRemoteTestNG.java:115)
	at org.testng.remote.RemoteTestNG.initAndRun(RemoteTestNG.java:293)
	at org.testng.remote.RemoteTestNG.main(RemoteTestNG.java:91)
</pre></div></td>
<td>0</td>
<td>testNGFramework.AssertSoft2@67c33749</td></tr>
</table><p>
<table width='100%' border='1' class='invocation-passed'>
<tr><td colspan='4' align='center'><b>PASSED TESTS</b></td></tr>
<tr><td><b>Test method</b></td>
<td width="30%"><b>Exception</b></td>
<td width="10%"><b>Time (seconds)</b></td>
<td><b>Instance</b></td>
</tr>
<tr>
<td title='testNGFramework.Facebook.ts1()'><b>ts1</b><br>Test class: testNGFramework.Facebook</td>
<td></td>
<td>0</td>
<td>testNGFramework.Facebook@1613674b</td></tr>
<tr>
<td title='testNGFramework.AssertSoft2.ts3()'><b>ts3</b><br>Test class: testNGFramework.AssertSoft2</td>
<td></td>
<td>1</td>
<td>testNGFramework.AssertSoft2@67c33749</td></tr>
<tr>
<td title='testNGFramework.InternetSpeed.Speed()'><b>Speed</b><br>Test class: testNGFramework.InternetSpeed</td>
<td></td>
<td>0</td>
<td>testNGFramework.InternetSpeed@6d4e5011</td></tr>
<tr>
<td title='testNGFramework.DataProviderClass2.loginCredValidation()'><b>loginCredValidation</b><br>Test class: testNGFramework.DataProviderClass2<br>Parameters: Mahi02, M2</td>
<td></td>
<td>9</td>
<td>testNGFramework.DataProviderClass2@57d7f8ca</td></tr>
<tr>
<td title='testNGFramework.Facebook.ts2()'><b>ts2</b><br>Test class: testNGFramework.Facebook</td>
<td></td>
<td>0</td>
<td>testNGFramework.Facebook@1613674b</td></tr>
<tr>
<td title='testNGFramework.DataProviderClass2.loginCredValidation()'><b>loginCredValidation</b><br>Test class: testNGFramework.DataProviderClass2<br>Parameters: Mahi01, M1</td>
<td></td>
<td>13</td>
<td>testNGFramework.DataProviderClass2@57d7f8ca</td></tr>
<tr>
<td title='testNGFramework.AssertSoft2.ts1()'><b>ts1</b><br>Test class: testNGFramework.AssertSoft2</td>
<td></td>
<td>0</td>
<td>testNGFramework.AssertSoft2@67c33749</td></tr>
<tr>
<td title='testNGFramework.Facebook.ts3()'><b>ts3</b><br>Test class: testNGFramework.Facebook</td>
<td></td>
<td>5</td>
<td>testNGFramework.Facebook@1613674b</td></tr>
<tr>
<td title='testNGFramework.DataProviderClass2.loginCredValidation()'><b>loginCredValidation</b><br>Test class: testNGFramework.DataProviderClass2<br>Parameters: Mahi03, M3</td>
<td></td>
<td>8</td>
<td>testNGFramework.DataProviderClass2@57d7f8ca</td></tr>
</table><p>
</body>
</html>